<?xml version="1.0" encoding="UTF-8"?>
<!-- Generated by org.testng.reporters.JUnitReportReporter -->
<testsuite hostname="Mohamed-Derbala-LP" failures="0" tests="1" name="tests.FileIsUploadedSucessfullyTest" time="0.899" errors="0" timestamp="2024-06-20T04:43:03 EEST" skipped="0">
  <testcase classname="tests.FileIsUploadedSucessfullyTest" name="userCanUploadFileSuccessfully" time="0.899">
    <system-out>
      <![CDATA[<a href='file:///D:\DsquaresAutomationProject\screenshots\userCanUploadFileSuccessfully_Success_.png'> <img src='file:///D:\DsquaresAutomationProject\screenshots\userCanUploadFileSuccessfully_Success_.png' height='100' width='100'/> </a>]]>
    </system-out>
  </testcase> <!-- userCanUploadFileSuccessfully -->
  <system-out>
    <![CDATA[<a href='file:///D:\DsquaresAutomationProject\screenshots\userCanUploadFileSuccessfully_Success_.png'> <img src='file:///D:\DsquaresAutomationProject\screenshots\userCanUploadFileSuccessfully_Success_.png' height='100' width='100'/> </a>
<a href='file:///D:\DsquaresAutomationProject\screenshots\dynamicLoadingIsCompletedSucessfully_Success_.png'> <img src='file:///D:\DsquaresAutomationProject\screenshots\dynamicLoadingIsCompletedSucessfully_Success_.png' height='100' width='100'/> </a>]]>
  </system-out>
</testsuite> <!-- tests.FileIsUploadedSucessfullyTest -->
